Task completed successfully! I've implemented all required functionality for the PR Client:

## Summary

### Implemented Functions
1. **getToken()** - Retrieves GitHub token from GITHUB_TOKEN env var or `gh auth token` command
2. **detectOwnerRepo()** - Parses owner/repo from git remote, supporting both HTTPS and SSH formats
3. **NewPRClient()** - Constructor that creates a new PRClient with proper defaults (30s poll interval, 2h timeout)
4. **doRequest()** - HTTP request method with rate limit handling, exponential backoff, and Retry-After header support

### Test Coverage
Created comprehensive tests in `client_test.go`:
- ✓ TestGetToken_EnvVariable
- ✓ TestGetToken_NoToken
- ✓ TestDetectOwnerRepo_HTTPS
- ✓ TestDetectOwnerRepo_SSH
- ✓ TestNewPRClient_Defaults
- ✓ TestDoRequest_RateLimitRetry

### Validation Results
- ✓ Backpressure tests pass: `go test ./internal/github/... -run TestGetToken`
- ✓ All tests pass: 6/6 tests passing
- ✓ `go fmt ./...` - no issues
- ✓ `go vet ./...` - no issues
- ✓ Spec frontmatter updated to `status: complete`

All deliverables have been implemented according to the spec, and the task is now complete.
