## Task Complete

I've successfully implemented the LoadConfig function according to task spec #6. Here's a summary of what was delivered:

### Implementation

**Modified Files:**
- `internal/config/config.go` - Added LoadConfig function with necessary imports

**Created Files:**
- `internal/config/config_test.go` - Comprehensive test suite with 12 test cases

### LoadConfig Function

The function orchestrates configuration loading with the following sequence:
1. Starts with DefaultConfig()
2. Parses `.choo.yaml` if it exists (YAML errors are returned)
3. Applies environment variable overrides
4. Resolves relative worktree paths to absolute
5. Auto-detects GitHub owner/repo if set to "auto"
6. Validates the final configuration
7. Returns the immutable config

### Test Coverage

All 12 required tests pass:
- `TestLoadConfig_Defaults` - Uses all defaults with no config file
- `TestLoadConfig_FileOverrides` - Config file values override defaults
- `TestLoadConfig_EnvOverrides` - Env vars override file values
- `TestLoadConfig_PathResolution` - Relative paths become absolute
- `TestLoadConfig_GitHubAutoDetect` - GitHub detection from git remote
- `TestLoadConfig_GitHubExplicit` - Explicit values not overwritten
- `TestLoadConfig_InvalidYAML` - Returns parse error for malformed YAML
- `TestLoadConfig_ValidationError` - Returns validation error for invalid values
- `TestLoadConfig_NoGitRemote` - Returns error when auto-detect fails
- `TestLoadConfig_PartialConfig` - Partial config merges with defaults
- `TestLoadConfig_BaselineChecks` - Baseline checks parsed from YAML
- `TestLoadConfig_ConditionalCommands` - Setup/teardown commands with "if" conditions parsed

### Verification

All checks passed:
- Backpressure command: `go test ./internal/config/... -v` ✓
- Baseline checks: `go fmt ./...` ✓
- Baseline checks: `go vet ./...` ✓
- Spec frontmatter updated to `status: complete` ✓

The implementation is complete and ready.
